{"logTime": "1212/151321", "correlationVector":"R3YWXGqH7PLftyAb+aT6+k.0","action":"FeedSettingFetch_homeCloud", "result":"0", "context":{}}
{"logTime": "1212/151321", "correlationVector":"K1yBJCsNiMSrU3lWnxBvgr.1","action":"SyncServerConnectionManagerRequest", "result":"SYNC_SERVER_OK", "context":{"environment":"Prod_WestEurope_000l", "migrationStage":"MigrationComplete", "server":"GENERAL01000018"}}
{"logTime": "1212/151321", "correlationVector":"K1yBJCsNiMSrU3lWnxBvgr","action":"Initial GetUpdates", "result":"", "context":Reason: NEW_CLIENT. cV=K1yBJCsNiMSrU3lWnxBvgr}
{"logTime": "1212/151321", "correlationVector":"K1yBJCsNiMSrU3lWnxBvgr.2","action":"GetUpdates Response", "result":"SYNCER_OK", "context":Received 1 update(s). cV=K1yBJCsNiMSrU3lWnxBvgr.0;server=GENERAL01000018;cloudType=Consumer;environment=Prod_WestEurope_000l;migrationStage=MigrationComplete}
{"logTime": "1212/151321", "correlationVector":"HJcw1SLHnyn8mO1QFn9Ji3","action":"SyncServerConnectionManagerRequest", "result":"SYNC_SERVER_OK", "context":{"environment":"", "migrationStage":"", "server":""}}
{"logTime": "1212/151321", "correlationVector":"gluLxw6jrWY8iYX1zI7WGh","action":"Initial GetUpdates", "result":"", "context":Reason: NEW_CLIENT. cV=gluLxw6jrWY8iYX1zI7WGh}
{"logTime": "1212/151322", "correlationVector":"gluLxw6jrWY8iYX1zI7WGh.1","action":"SyncServerConnectionManagerRequest", "result":"SYNC_SERVER_OK", "context":{"environment":"Prod_NorthEurope_000h", "migrationStage":"MigrationComplete", "server":"GENERAL0100002O"}}
{"logTime": "1212/151322", "correlationVector":"gluLxw6jrWY8iYX1zI7WGh.2","action":"GetUpdates Response", "result":"SYNCER_OK", "context":Received 4 update(s). cV=gluLxw6jrWY8iYX1zI7WGh.0;server=GENERAL0100002O;cloudType=Consumer;environment=Prod_NorthEurope_000h;migrationStage=MigrationComplete}
{"logTime": "1212/151322", "correlationVector":"g5AsnV98Y27cxxIeheClWy","action":"Normal GetUpdate request", "result":"", "context":cV=g5AsnV98Y27cxxIeheClWy
Nudged types: Device Info, User Consents
Refresh requested types: Device Info, User Consents, Send Tab To Self, Encryption Keys}
{"logTime": "1212/151322", "correlationVector":"g5AsnV98Y27cxxIeheClWy.1","action":"SyncServerConnectionManagerRequest", "result":"SYNC_SERVER_OK", "context":{"environment":"Prod_WestEurope_000l", "migrationStage":"NotStarted", "server":"GENERAL0100000H"}}
{"logTime": "1212/151322", "correlationVector":"g5AsnV98Y27cxxIeheClWy.2","action":"GetUpdates Response", "result":"SYNCER_OK", "context":Received 0 update(s). cV=g5AsnV98Y27cxxIeheClWy.0;server=GENERAL0100000H;cloudType=Consumer;environment=Prod_WestEurope_000l;migrationStage=NotStarted}
{"logTime": "1212/151322", "correlationVector":"D1Fjc/pjbptfV6jfvUs4FP","action":"Commit Request", "result":"", "context":Item count: 1
Contributing types: Device Info}
{"logTime": "1212/151323", "correlationVector":"D1Fjc/pjbptfV6jfvUs4FP.1","action":"SyncServerConnectionManagerRequest", "result":"SYNC_SERVER_OK", "context":{"environment":"Prod_WestEurope_000l", "migrationStage":"MigrationComplete", "server":"GENERAL0100000E"}}
{"logTime": "1212/151323", "correlationVector":"D1Fjc/pjbptfV6jfvUs4FP.2","action":"Commit Response", "result":"SYNCER_OK", "context":Result: SYNCER_OK. cV=D1Fjc/pjbptfV6jfvUs4FP.0;server=GENERAL0100000E;cloudType=Consumer;environment=Prod_WestEurope_000l;migrationStage=MigrationComplete}
{"logTime": "1212/151323", "correlationVector":"/Z5ayCThVuQUqv7ieWOD/J","action":"Commit Request", "result":"", "context":Item count: 1
Contributing types: User Consents}
{"logTime": "1212/151324", "correlationVector":"/Z5ayCThVuQUqv7ieWOD/J.1","action":"SyncServerConnectionManagerRequest", "result":"SYNC_SERVER_OK", "context":{"environment":"Prod_WestEurope_000l", "migrationStage":"MigrationComplete", "server":"GENERAL0100000W"}}
{"logTime": "1212/151324", "correlationVector":"/Z5ayCThVuQUqv7ieWOD/J.2","action":"Commit Response", "result":"SYNCER_OK", "context":Result: SYNCER_OK. cV=/Z5ayCThVuQUqv7ieWOD/J.0;server=GENERAL0100000W;cloudType=Consumer;environment=Prod_WestEurope_000l;migrationStage=MigrationComplete}
{"logTime": "1212/151324", "correlationVector":"ZTa1lbcljjqTUNwu5cNn3t","action":"Normal GetUpdate request", "result":"", "context":cV=ZTa1lbcljjqTUNwu5cNn3t
Nudged types: Device Info}
{"logTime": "1212/151324", "correlationVector":"ZTa1lbcljjqTUNwu5cNn3t.1","action":"SyncServerConnectionManagerRequest", "result":"SYNC_SERVER_OK", "context":{"environment":"Prod_WestEurope_000l", "migrationStage":"NotStarted", "server":"GENERAL0100000T"}}
{"logTime": "1212/151324", "correlationVector":"ZTa1lbcljjqTUNwu5cNn3t.2","action":"GetUpdates Response", "result":"SYNCER_OK", "context":Received 1 update(s). cV=ZTa1lbcljjqTUNwu5cNn3t.0;server=GENERAL0100000T;cloudType=Consumer;environment=Prod_WestEurope_000l;migrationStage=NotStarted}
{"logTime": "1212/151818", "correlationVector":"xAb3c+UZ6bUvo3B+FJ59b/","action":"Normal GetUpdate request", "result":"", "context":cV=xAb3c+UZ6bUvo3B+FJ59b/
Refresh requested types: Device Info, User Consents, Send Tab To Self, Encryption Keys}
{"logTime": "1212/151819", "correlationVector":"xAb3c+UZ6bUvo3B+FJ59b/.1","action":"SyncServerConnectionManagerRequest", "result":"SYNC_SERVER_OK", "context":{"environment":"Prod_NorthEurope_x00f", "migrationStage":"NotStarted", "server":"GENERAL01000008"}}
{"logTime": "1212/151819", "correlationVector":"xAb3c+UZ6bUvo3B+FJ59b/.2","action":"GetUpdates Response", "result":"SYNCER_OK", "context":Received 0 update(s). cV=xAb3c+UZ6bUvo3B+FJ59b/.0;server=GENERAL01000008;cloudType=Consumer;environment=Prod_NorthEurope_x00f;migrationStage=NotStarted}
{"logTime": "1212/155811", "correlationVector":"9p9vRDcdPGBMqVED9gtwkd.0","action":"FeedSettingFetch_homeCloud", "result":"0", "context":{}}
{"logTime": "1212/155811", "correlationVector":"Eis3E9o96UwDv29h9ag3V8.1","action":"SyncServerConnectionManagerRequest", "result":"SYNC_SERVER_OK", "context":{"environment":"Prod_WestEurope_x00e", "migrationStage":"MigrationComplete", "server":"GENERAL0200002Z"}}
{"logTime": "1212/155811", "correlationVector":"Eis3E9o96UwDv29h9ag3V8","action":"Initial GetUpdates", "result":"", "context":Reason: NEW_CLIENT. cV=Eis3E9o96UwDv29h9ag3V8}
{"logTime": "1212/155811", "correlationVector":"Eis3E9o96UwDv29h9ag3V8.2","action":"GetUpdates Response", "result":"SYNCER_OK", "context":Received 1 update(s). cV=Eis3E9o96UwDv29h9ag3V8.0;server=GENERAL0200002Z;cloudType=Consumer;environment=Prod_WestEurope_x00e;migrationStage=MigrationComplete}
{"logTime": "1212/155811", "correlationVector":"ZzWSYr1wW473YUI3tmxn+h","action":"SyncServerConnectionManagerRequest", "result":"SYNC_SERVER_OK", "context":{"environment":"", "migrationStage":"", "server":""}}
{"logTime": "1212/155811", "correlationVector":"eONRxQ72jwEgPnMnDqdEUG","action":"Normal GetUpdate request", "result":"", "context":cV=eONRxQ72jwEgPnMnDqdEUG
Refresh requested types: Device Info, User Consents, Send Tab To Self, Encryption Keys}
{"logTime": "1212/155811", "correlationVector":"eONRxQ72jwEgPnMnDqdEUG.1","action":"SyncServerConnectionManagerRequest", "result":"SYNC_SERVER_OK", "context":{"environment":"Prod_NorthEurope_000h", "migrationStage":"NotStarted", "server":"GENERAL0100001W"}}
{"logTime": "1212/155811", "correlationVector":"eONRxQ72jwEgPnMnDqdEUG.2","action":"GetUpdates Response", "result":"SYNCER_OK", "context":Received 1 update(s). cV=eONRxQ72jwEgPnMnDqdEUG.0;server=GENERAL0100001W;cloudType=Consumer;environment=Prod_NorthEurope_000h;migrationStage=NotStarted}
{"logTime": "1212/155811", "correlationVector":"CpVD3kh+OKXm6YjIG/qney","action":"Normal GetUpdate request", "result":"", "context":cV=CpVD3kh+OKXm6YjIG/qney
Refresh requested types: Device Info, User Consents, Send Tab To Self, Encryption Keys}
{"logTime": "1212/155811", "correlationVector":"CpVD3kh+OKXm6YjIG/qney.1","action":"SyncServerConnectionManagerRequest", "result":"SYNC_SERVER_OK", "context":{"environment":"Prod_WestEurope_x00e", "migrationStage":"NotStarted", "server":"GENERAL0100001I"}}
{"logTime": "1212/155811", "correlationVector":"CpVD3kh+OKXm6YjIG/qney.2","action":"GetUpdates Response", "result":"SYNCER_OK", "context":Received 0 update(s). cV=CpVD3kh+OKXm6YjIG/qney.0;server=GENERAL0100001I;cloudType=Consumer;environment=Prod_WestEurope_x00e;migrationStage=NotStarted}
{"logTime": "1212/155812", "correlationVector":"Ht7qawqjd5JdiNERklt/hi","action":"Initial GetUpdates", "result":"", "context":Reason: RECONFIGURATION. cV=Ht7qawqjd5JdiNERklt/hi}
{"logTime": "1212/155812", "correlationVector":"Ht7qawqjd5JdiNERklt/hi.1","action":"SyncServerConnectionManagerRequest", "result":"SYNC_SERVER_OK", "context":{"environment":"Prod_NorthEurope_000h", "migrationStage":"MigrationComplete", "server":"GENERAL0100000L"}}
{"logTime": "1212/155812", "correlationVector":"Ht7qawqjd5JdiNERklt/hi.2","action":"GetUpdates Response", "result":"SYNCER_OK", "context":Received 40 update(s). cV=Ht7qawqjd5JdiNERklt/hi.0;server=GENERAL0100000L;cloudType=Consumer;environment=Prod_NorthEurope_000h;migrationStage=MigrationComplete}
{"logTime": "1212/155812", "correlationVector":"KFvLS2T6DJU5d7eWe1N3j5","action":"Initial GetUpdates", "result":"", "context":Reason: RECONFIGURATION. cV=KFvLS2T6DJU5d7eWe1N3j5}
{"logTime": "1212/155813", "correlationVector":"KFvLS2T6DJU5d7eWe1N3j5.1","action":"SyncServerConnectionManagerRequest", "result":"SYNC_SERVER_OK", "context":{"environment":"Prod_WestEurope_x00e", "migrationStage":"NotStarted", "server":"GENERAL0100000D"}}
{"logTime": "1212/155813", "correlationVector":"KFvLS2T6DJU5d7eWe1N3j5.2","action":"GetUpdates Response", "result":"SYNCER_OK", "context":Received 9 update(s). cV=KFvLS2T6DJU5d7eWe1N3j5.0;server=GENERAL0100000D;cloudType=Consumer;environment=Prod_WestEurope_x00e;migrationStage=NotStarted}
{"logTime": "1212/155813", "correlationVector":"MBRW+ZEFs8ABRLW2Nc+IXt","action":"Initial GetUpdates", "result":"", "context":Reason: RECONFIGURATION. cV=MBRW+ZEFs8ABRLW2Nc+IXt}
{"logTime": "1212/155814", "correlationVector":"MBRW+ZEFs8ABRLW2Nc+IXt.1","action":"SyncServerConnectionManagerRequest", "result":"SYNC_SERVER_OK", "context":{"environment":"Prod_WestEurope_x00e", "migrationStage":"MigrationComplete", "server":"GENERAL0200001H"}}
{"logTime": "1212/155814", "correlationVector":"MBRW+ZEFs8ABRLW2Nc+IXt.2","action":"GetUpdates", "result":"DeleteReceived", "context":{"id":"e2373bc6-4d8a-4220-8f53-850e8fb414ef", "isDeleted:":"true", "version":"1699122170317"}}
{"logTime": "1212/155814", "correlationVector":"MBRW+ZEFs8ABRLW2Nc+IXt.3","action":"GetUpdates", "result":"DeleteReceived", "context":{"id":"204c7a5e-ffc9-48dd-92e9-f3f41c5395d7", "isDeleted:":"true", "version":"1699122170318"}}
{"logTime": "1212/155814", "correlationVector":"MBRW+ZEFs8ABRLW2Nc+IXt.4","action":"GetUpdates", "result":"DeleteReceived", "context":{"id":"dfe9209f-2590-43dd-950d-4b16d013d3c6", "isDeleted:":"true", "version":"1699122170320"}}
{"logTime": "1212/155814", "correlationVector":"MBRW+ZEFs8ABRLW2Nc+IXt.5","action":"GetUpdates", "result":"DeleteReceived", "context":{"id":"ae5765a8-5b4b-4cc4-bc09-2cd7d98cb6dd", "isDeleted:":"true", "version":"1699122170321"}}
{"logTime": "1212/155814", "correlationVector":"MBRW+ZEFs8ABRLW2Nc+IXt.6","action":"GetUpdates", "result":"DeleteReceived", "context":{"id":"3848f820-bf12-45dd-aad2-38e723210398", "isDeleted:":"true", "version":"1699122170322"}}
{"logTime": "1212/155814", "correlationVector":"MBRW+ZEFs8ABRLW2Nc+IXt.7","action":"GetUpdates", "result":"DeleteReceived", "context":{"id":"20453289-dd7f-440b-8c6d-aa39c9adee4e", "isDeleted:":"true", "version":"1699122170323"}}
{"logTime": "1212/155814", "correlationVector":"MBRW+ZEFs8ABRLW2Nc+IXt.8","action":"GetUpdates", "result":"DeleteReceived", "context":{"id":"0d3b94df-b31b-44a1-b203-88cf36e57ad9", "isDeleted:":"true", "version":"1699122170324"}}
{"logTime": "1212/155814", "correlationVector":"MBRW+ZEFs8ABRLW2Nc+IXt.9","action":"GetUpdates", "result":"DeleteReceived", "context":{"id":"8f30b362-3707-4af5-a9ce-465b24e66b9f", "isDeleted:":"true", "version":"1699122170325"}}
{"logTime": "1212/155814", "correlationVector":"MBRW+ZEFs8ABRLW2Nc+IXt.10","action":"GetUpdates", "result":"DeleteReceived", "context":{"id":"7af08a4b-11fc-4501-8188-6e6de6573fdd", "isDeleted:":"true", "version":"1699185649164"}}
{"logTime": "1212/155814", "correlationVector":"MBRW+ZEFs8ABRLW2Nc+IXt.11","action":"GetUpdates", "result":"DeleteReceived", "context":{"id":"ad4d44fb-8671-43b5-9cfc-3fa79f43d871", "isDeleted:":"true", "version":"1699185649165"}}
{"logTime": "1212/155814", "correlationVector":"MBRW+ZEFs8ABRLW2Nc+IXt.12","action":"GetUpdates", "result":"DeleteReceived", "context":{"id":"d47728ee-a416-4dec-9517-c8575b2120bd", "isDeleted:":"true", "version":"1699185649167"}}
{"logTime": "1212/155814", "correlationVector":"MBRW+ZEFs8ABRLW2Nc+IXt.13","action":"GetUpdates", "result":"DeleteReceived", "context":{"id":"da69388e-6a1a-4aef-9211-79c2b8c5452e", "isDeleted:":"true", "version":"1699185649169"}}
{"logTime": "1212/155814", "correlationVector":"MBRW+ZEFs8ABRLW2Nc+IXt.14","action":"GetUpdates", "result":"DeleteReceived", "context":{"id":"31d865c7-54f5-48e5-bb7f-a66781aa6053", "isDeleted:":"true", "version":"1699992120285"}}
{"logTime": "1212/155814", "correlationVector":"MBRW+ZEFs8ABRLW2Nc+IXt.15","action":"GetUpdates", "result":"DeleteReceived", "context":{"id":"59850a46-81cc-4894-a16a-8b3b35185bfc", "isDeleted:":"true", "version":"1700382141976"}}
{"logTime": "1212/155814", "correlationVector":"MBRW+ZEFs8ABRLW2Nc+IXt.16","action":"GetUpdates", "result":"DeleteReceived", "context":{"id":"3322add1-a24d-4db4-b8bf-a1eb173c68fc", "isDeleted:":"true", "version":"1700382141977"}}
{"logTime": "1212/155814", "correlationVector":"MBRW+ZEFs8ABRLW2Nc+IXt.17","action":"GetUpdates", "result":"DeleteReceived", "context":{"id":"ed851d0d-583b-407d-b696-6d806fb29aa8", "isDeleted:":"true", "version":"1700382141978"}}
{"logTime": "1212/155814", "correlationVector":"MBRW+ZEFs8ABRLW2Nc+IXt.18","action":"GetUpdates", "result":"DeleteReceived", "context":{"id":"2942faa7-2da0-450b-b186-a19890378a01", "isDeleted:":"true", "version":"1700382141979"}}
{"logTime": "1212/155814", "correlationVector":"MBRW+ZEFs8ABRLW2Nc+IXt.19","action":"GetUpdates", "result":"DeleteReceived", "context":{"id":"75ee6e48-a56c-40cb-9a0b-898b164bc148", "isDeleted:":"true", "version":"1701781733315"}}
{"logTime": "1212/155814", "correlationVector":"MBRW+ZEFs8ABRLW2Nc+IXt.20","action":"GetUpdates", "result":"DeleteReceived", "context":{"id":"36ed7a10-37e1-4169-8c9a-5fcd2cb953aa", "isDeleted:":"true", "version":"1701787391582"}}
{"logTime": "1212/155814", "correlationVector":"MBRW+ZEFs8ABRLW2Nc+IXt.21","action":"GetUpdates", "result":"DeleteReceived", "context":{"id":"c6711738-73de-4a6a-b0d1-fd3400c92afd", "isDeleted:":"true", "version":"1701809271048"}}
{"logTime": "1212/155814", "correlationVector":"MBRW+ZEFs8ABRLW2Nc+IXt.22","action":"GetUpdates", "result":"DeleteReceived", "context":{"id":"1930ed01-80ae-4c9a-aead-9c7549e3915b", "isDeleted:":"true", "version":"1701811882780"}}
{"logTime": "1212/155814", "correlationVector":"MBRW+ZEFs8ABRLW2Nc+IXt.23","action":"GetUpdates", "result":"DeleteReceived", "context":{"id":"6247a062-85f9-4120-9a96-30f8089561b9", "isDeleted:":"true", "version":"1701812997405"}}
{"logTime": "1212/155814", "correlationVector":"MBRW+ZEFs8ABRLW2Nc+IXt.24","action":"GetUpdates", "result":"DeleteReceived", "context":{"id":"b14fe312-d565-432e-9208-ccbebb75eeb4", "isDeleted:":"true", "version":"1701813040018"}}
{"logTime": "1212/155814", "correlationVector":"MBRW+ZEFs8ABRLW2Nc+IXt.25","action":"GetUpdates", "result":"DeleteReceived", "context":{"id":"77c41241-2ef4-4583-bb86-0f0f7fe253aa", "isDeleted:":"true", "version":"1701813316041"}}
{"logTime": "1212/155814", "correlationVector":"MBRW+ZEFs8ABRLW2Nc+IXt.26","action":"GetUpdates", "result":"DeleteReceived", "context":{"id":"db810179-d336-4964-80f9-d83b7cf1f891", "isDeleted:":"true", "version":"1701813988984"}}
{"logTime": "1212/155814", "correlationVector":"MBRW+ZEFs8ABRLW2Nc+IXt.27","action":"GetUpdates", "result":"DeleteReceived", "context":{"id":"7dbf454d-99e6-4149-a128-c1cf88d43605", "isDeleted:":"true", "version":"1701814124046"}}
{"logTime": "1212/155814", "correlationVector":"MBRW+ZEFs8ABRLW2Nc+IXt.28","action":"GetUpdates", "result":"DeleteReceived", "context":{"id":"32204af3-d5fb-4b02-8cc3-33859d874a2f", "isDeleted:":"true", "version":"1701818281736"}}
{"logTime": "1212/155814", "correlationVector":"MBRW+ZEFs8ABRLW2Nc+IXt.29","action":"GetUpdates", "result":"DeleteReceived", "context":{"id":"c91383e8-53c8-4d44-b111-4c2450750062", "isDeleted:":"true", "version":"1701820039799"}}
{"logTime": "1212/155814", "correlationVector":"MBRW+ZEFs8ABRLW2Nc+IXt.30","action":"GetUpdates", "result":"DeleteReceived", "context":{"id":"f5fafece-71a2-43aa-b9b4-6e45f83e0c2a", "isDeleted:":"true", "version":"1701820904779"}}
{"logTime": "1212/155814", "correlationVector":"MBRW+ZEFs8ABRLW2Nc+IXt.31","action":"GetUpdates", "result":"DeleteReceived", "context":{"id":"75e49bd3-2884-4019-948e-7b390ec36aa8", "isDeleted:":"true", "version":"1701852081431"}}
{"logTime": "1212/155814", "correlationVector":"MBRW+ZEFs8ABRLW2Nc+IXt.32","action":"GetUpdates", "result":"DeleteReceived", "context":{"id":"52b4e342-1649-4a43-a000-81c8111f0c78", "isDeleted:":"true", "version":"1701854397435"}}
{"logTime": "1212/155814", "correlationVector":"MBRW+ZEFs8ABRLW2Nc+IXt.33","action":"GetUpdates", "result":"DeleteReceived", "context":{"id":"0fbceb2b-ed8f-4d79-b8cd-9e361e13a4ff", "isDeleted:":"true", "version":"1702309992766"}}
{"logTime": "1212/155814", "correlationVector":"MBRW+ZEFs8ABRLW2Nc+IXt.34","action":"GetUpdates", "result":"DeleteReceived", "context":{"id":"31d30d68-c67a-41a0-b0ff-6beacf1d71c9", "isDeleted:":"true", "version":"1702310113452"}}
{"logTime": "1212/155814", "correlationVector":"MBRW+ZEFs8ABRLW2Nc+IXt.35","action":"GetUpdates Response", "result":"SYNCER_OK", "context":Received 66 update(s). cV=MBRW+ZEFs8ABRLW2Nc+IXt.0;server=GENERAL0200001H;cloudType=Consumer;environment=Prod_WestEurope_x00e;migrationStage=MigrationComplete}
{"logTime": "1212/155814", "correlationVector":"0MQbqhzNwYL6lGL7HUKgdL","action":"Normal GetUpdate request", "result":"", "context":cV=0MQbqhzNwYL6lGL7HUKgdL
Nudged types: Sessions, Device Info
Refresh requested types: Bookmarks, Preferences, Passwords, Autofill Profiles, Autofill, Autofill Custom Data, Typed URLs, Extensions, Sessions, Extension settings, History Delete Directives, Device Info, User Consents, Send Tab To Self, Web Apps, Collection, Edge E Drop, Edge Hub App Usage, Edge Wallet, Encryption Keys}
{"logTime": "1212/155815", "correlationVector":"0MQbqhzNwYL6lGL7HUKgdL.1","action":"SyncServerConnectionManagerRequest", "result":"SYNC_SERVER_OK", "context":{"environment":"Prod_WestEurope_x00e", "migrationStage":"MigrationComplete", "server":"GENERAL0100002J"}}
{"logTime": "1212/155815", "correlationVector":"0MQbqhzNwYL6lGL7HUKgdL.2","action":"GetUpdates Response", "result":"SYNCER_OK", "context":Received 0 update(s). cV=0MQbqhzNwYL6lGL7HUKgdL.0;server=GENERAL0100002J;cloudType=Consumer;environment=Prod_WestEurope_x00e;migrationStage=MigrationComplete}
{"logTime": "1212/155815", "correlationVector":"SKQQeRDyEMGadox08KnE9l","action":"Commit Request", "result":"", "context":Item count: 1
Contributing types: Device Info}
{"logTime": "1212/155815", "correlationVector":"SKQQeRDyEMGadox08KnE9l.1","action":"SyncServerConnectionManagerRequest", "result":"SYNC_SERVER_OK", "context":{"environment":"Prod_NorthEurope_000h", "migrationStage":"MigrationComplete", "server":"GENERAL0100001P"}}
{"logTime": "1212/155815", "correlationVector":"SKQQeRDyEMGadox08KnE9l.2","action":"Commit Response", "result":"SYNCER_OK", "context":Result: SYNCER_OK. cV=SKQQeRDyEMGadox08KnE9l.0;server=GENERAL0100001P;cloudType=Consumer;environment=Prod_NorthEurope_000h;migrationStage=MigrationComplete}
{"logTime": "1212/155815", "correlationVector":"aofP75dW5lBMTi7alskcLA","action":"Commit Request", "result":"", "context":Item count: 2
Contributing types: Sessions}
{"logTime": "1212/155816", "correlationVector":"aofP75dW5lBMTi7alskcLA.1","action":"SyncServerConnectionManagerRequest", "result":"SYNC_SERVER_OK", "context":{"environment":"Prod_WestEurope_x00e", "migrationStage":"NotStarted", "server":"GENERAL01000013"}}
{"logTime": "1212/155816", "correlationVector":"aofP75dW5lBMTi7alskcLA.2","action":"Commit Response", "result":"SYNCER_OK", "context":Result: SYNCER_OK. cV=aofP75dW5lBMTi7alskcLA.0;server=GENERAL01000013;cloudType=Consumer;environment=Prod_WestEurope_x00e;migrationStage=NotStarted}
{"logTime": "1212/160212", "correlationVector":"HbDTrx8DXC2Btow4Z3ermG","action":"Normal GetUpdate request", "result":"", "context":cV=HbDTrx8DXC2Btow4Z3ermG
Refresh requested types: Bookmarks, Preferences, Passwords, Autofill Profiles, Autofill, Autofill Custom Data, Typed URLs, Extensions, Sessions, Extension settings, History Delete Directives, Device Info, User Consents, Send Tab To Self, Web Apps, Collection, Edge E Drop, Edge Hub App Usage, Edge Wallet, Encryption Keys}
{"logTime": "1212/160212", "correlationVector":"HbDTrx8DXC2Btow4Z3ermG.1","action":"SyncServerConnectionManagerRequest", "result":"SYNC_SERVER_OK", "context":{"environment":"Prod_NorthEurope_x00f", "migrationStage":"MigrationComplete", "server":"GENERAL01000011"}}
{"logTime": "1212/160212", "correlationVector":"HbDTrx8DXC2Btow4Z3ermG.2","action":"GetUpdates Response", "result":"SYNCER_OK", "context":Received 3 update(s). cV=HbDTrx8DXC2Btow4Z3ermG.0;server=GENERAL01000011;cloudType=Consumer;environment=Prod_NorthEurope_x00f;migrationStage=MigrationComplete}
{"logTime": "1212/160247", "correlationVector":"aOdJ3cKaXuMO4qR4YxniJI","action":"Commit Request", "result":"", "context":Item count: 1
Contributing types: Sessions}
{"logTime": "1212/160247", "correlationVector":"aOdJ3cKaXuMO4qR4YxniJI.1","action":"SyncServerConnectionManagerRequest", "result":"SYNC_SERVER_OK", "context":{"environment":"Prod_WestEurope_000l", "migrationStage":"NotStarted", "server":"GENERAL01000022"}}
{"logTime": "1212/160247", "correlationVector":"aOdJ3cKaXuMO4qR4YxniJI.2","action":"Commit Response", "result":"SYNCER_OK", "context":Result: SYNCER_OK. cV=aOdJ3cKaXuMO4qR4YxniJI.0;server=GENERAL01000022;cloudType=Consumer;environment=Prod_WestEurope_000l;migrationStage=NotStarted}
{"logTime": "1212/160553", "correlationVector":"W4n7Gn3mCAXcShVGnlVM9R.0","action":"FeedSettingFetch_homeCloud", "result":"0", "context":{}}
{"logTime": "1212/160553", "correlationVector":"mMnLd9fhlo+ugOApH2IhFh.1","action":"SyncServerConnectionManagerRequest", "result":"SYNC_SERVER_OK", "context":{"environment":"Prod_NorthEurope_x00f", "migrationStage":"NotStarted", "server":"GENERAL0100001D"}}
{"logTime": "1212/160553", "correlationVector":"mMnLd9fhlo+ugOApH2IhFh","action":"Initial GetUpdates", "result":"", "context":Reason: NEW_CLIENT. cV=mMnLd9fhlo+ugOApH2IhFh}
{"logTime": "1212/160553", "correlationVector":"mMnLd9fhlo+ugOApH2IhFh.2","action":"GetUpdates Response", "result":"SYNCER_OK", "context":Received 1 update(s). cV=mMnLd9fhlo+ugOApH2IhFh.0;server=GENERAL0100001D;cloudType=Consumer;environment=Prod_NorthEurope_x00f;migrationStage=NotStarted}
{"logTime": "1212/160553", "correlationVector":"oUNDaHt2PGlJkhuNS6+Riw","action":"Initial GetUpdates", "result":"", "context":Reason: NEWLY_SUPPORTED_DATATYPE. cV=oUNDaHt2PGlJkhuNS6+Riw}
{"logTime": "1212/160553", "correlationVector":"oUNDaHt2PGlJkhuNS6+Riw.1","action":"SyncServerConnectionManagerRequest", "result":"SYNC_SERVER_OK", "context":{"environment":"Prod_NorthEurope_x00f", "migrationStage":"MigrationComplete", "server":"GENERAL0100000L"}}
{"logTime": "1212/160553", "correlationVector":"oUNDaHt2PGlJkhuNS6+Riw.2","action":"GetUpdates Response", "result":"SYNCER_OK", "context":Received 2 update(s). cV=oUNDaHt2PGlJkhuNS6+Riw.0;server=GENERAL0100000L;cloudType=Consumer;environment=Prod_NorthEurope_x00f;migrationStage=MigrationComplete}
{"logTime": "1212/160553", "correlationVector":"Dxil8e7ZpNXdSz0dDUcfER","action":"SyncServerConnectionManagerRequest", "result":"SYNC_SERVER_OK", "context":{"environment":"", "migrationStage":"", "server":""}}
{"logTime": "1212/160553", "correlationVector":"iWaDPKBLqqLHUmGhR7DPse","action":"Normal GetUpdate request", "result":"", "context":cV=iWaDPKBLqqLHUmGhR7DPse
Nudged types: Sessions
Refresh requested types: Bookmarks, Preferences, Passwords, Autofill Profiles, Autofill, Autofill Custom Data, Typed URLs, Extensions, Sessions, Extension settings, History Delete Directives, Device Info, User Consents, Send Tab To Self, Web Apps, Collection, Edge E Drop, Edge Hub App Usage, Edge Wallet, Encryption Keys}
{"logTime": "1212/160553", "correlationVector":"iWaDPKBLqqLHUmGhR7DPse.1","action":"SyncServerConnectionManagerRequest", "result":"SYNC_SERVER_OK", "context":{"environment":"Prod_NorthEurope_x00f", "migrationStage":"MigrationComplete", "server":"GENERAL01000029"}}
{"logTime": "1212/160553", "correlationVector":"iWaDPKBLqqLHUmGhR7DPse.2","action":"GetUpdates Response", "result":"SYNCER_OK", "context":Received 1 update(s). cV=iWaDPKBLqqLHUmGhR7DPse.0;server=GENERAL01000029;cloudType=Consumer;environment=Prod_NorthEurope_x00f;migrationStage=MigrationComplete}
{"logTime": "1212/160553", "correlationVector":"SxWirMXZCOkAMXviOR6hag","action":"Commit Request", "result":"", "context":Item count: 3
Contributing types: Sessions}
{"logTime": "1212/160553", "correlationVector":"SxWirMXZCOkAMXviOR6hag.1","action":"SyncServerConnectionManagerRequest", "result":"SYNC_SERVER_OK", "context":{"environment":"Prod_NorthEurope_x00f", "migrationStage":"NotStarted", "server":"GENERAL01000003"}}
{"logTime": "1212/160553", "correlationVector":"SxWirMXZCOkAMXviOR6hag.3","action":"Commit.Sessions", "result":"Success", "context":{"id":"2f24bc24-41ee-439c-a038-6208508fb3f9", "isDeleted":"true", "size":"0", "version":"1702396968199"}}
{"logTime": "1212/160553", "correlationVector":"SxWirMXZCOkAMXviOR6hag.2","action":"Commit Response", "result":"SYNCER_OK", "context":Result: SYNCER_OK. cV=SxWirMXZCOkAMXviOR6hag.0;server=GENERAL01000003;cloudType=Consumer;environment=Prod_NorthEurope_x00f;migrationStage=NotStarted}
{"logTime": "1212/160553", "correlationVector":"Kow01TO18DfBzNQ2hy6W+l","action":"Normal GetUpdate request", "result":"", "context":cV=Kow01TO18DfBzNQ2hy6W+l
Nudged types: Sessions
Refresh requested types: Bookmarks, Preferences, Passwords, Autofill Profiles, Autofill, Autofill Custom Data, Typed URLs, Extensions, Sessions, Extension settings, History Delete Directives, Device Info, User Consents, Send Tab To Self, Web Apps, Collection, Edge E Drop, Edge Hub App Usage, Edge Wallet, Encryption Keys}
{"logTime": "1212/160553", "correlationVector":"Kow01TO18DfBzNQ2hy6W+l.1","action":"SyncServerConnectionManagerRequest", "result":"SYNC_SERVER_OK", "context":{"environment":"Prod_NorthEurope_x00f", "migrationStage":"MigrationComplete", "server":"GENERAL0200004T"}}
{"logTime": "1212/160554", "correlationVector":"Kow01TO18DfBzNQ2hy6W+l.2","action":"GetUpdates", "result":"DeleteReceived", "context":{"id":"2f24bc24-41ee-439c-a038-6208508fb3f9", "isDeleted:":"true", "version":"1702397153578"}}
{"logTime": "1212/160554", "correlationVector":"Kow01TO18DfBzNQ2hy6W+l.3","action":"GetUpdates Response", "result":"SYNCER_OK", "context":Received 3 update(s). cV=Kow01TO18DfBzNQ2hy6W+l.0;server=GENERAL0200004T;cloudType=Consumer;environment=Prod_NorthEurope_x00f;migrationStage=MigrationComplete}
{"logTime": "1212/160554", "correlationVector":"q+QycY6b2La9gfHltZ+C8q","action":"Commit Request", "result":"", "context":Item count: 1
Contributing types: Preferences}
{"logTime": "1212/160554", "correlationVector":"q+QycY6b2La9gfHltZ+C8q.1","action":"SyncServerConnectionManagerRequest", "result":"SYNC_SERVER_OK", "context":{"environment":"Prod_WestEurope_000l", "migrationStage":"MigrationComplete", "server":"GENERAL01000022"}}
{"logTime": "1212/160554", "correlationVector":"q+QycY6b2La9gfHltZ+C8q.2","action":"Commit Response", "result":"SYNCER_OK", "context":Result: SYNCER_OK. cV=q+QycY6b2La9gfHltZ+C8q.0;server=GENERAL01000022;cloudType=Consumer;environment=Prod_WestEurope_000l;migrationStage=MigrationComplete}
{"logTime": "1212/160556", "correlationVector":"22O++xXUN6XNO0ipYAToNY","action":"Commit Request", "result":"", "context":Item count: 1
Contributing types: Sessions}
{"logTime": "1212/160556", "correlationVector":"22O++xXUN6XNO0ipYAToNY.1","action":"SyncServerConnectionManagerRequest", "result":"SYNC_SERVER_OK", "context":{"environment":"Prod_NorthEurope_x00f", "migrationStage":"NotStarted", "server":"GENERAL0100000L"}}
{"logTime": "1212/160556", "correlationVector":"22O++xXUN6XNO0ipYAToNY.2","action":"Commit Response", "result":"SYNCER_OK", "context":Result: SYNCER_OK. cV=22O++xXUN6XNO0ipYAToNY.0;server=GENERAL0100000L;cloudType=Consumer;environment=Prod_NorthEurope_x00f;migrationStage=NotStarted}
{"logTime": "1212/160716", "correlationVector":"j1UfL8ZAF7QuJk+1k8Ov0r","action":"Commit Request", "result":"", "context":Item count: 1
Contributing types: Sessions}
{"logTime": "1212/160716", "correlationVector":"j1UfL8ZAF7QuJk+1k8Ov0r.1","action":"SyncServerConnectionManagerRequest", "result":"SYNC_SERVER_OK", "context":{"environment":"Prod_WestEurope_000l", "migrationStage":"NotStarted", "server":"GENERAL0100000X"}}
{"logTime": "1212/160716", "correlationVector":"j1UfL8ZAF7QuJk+1k8Ov0r.2","action":"Commit Response", "result":"SYNCER_OK", "context":Result: SYNCER_OK. cV=j1UfL8ZAF7QuJk+1k8Ov0r.0;server=GENERAL0100000X;cloudType=Consumer;environment=Prod_WestEurope_000l;migrationStage=NotStarted}
{"logTime": "1212/160804", "correlationVector":"FGx2Y7wPdcZIX5BzUSDYBE","action":"Commit Request", "result":"", "context":Item count: 1
Contributing types: Sessions}
{"logTime": "1212/160804", "correlationVector":"FGx2Y7wPdcZIX5BzUSDYBE.1","action":"SyncServerConnectionManagerRequest", "result":"SYNC_SERVER_OK", "context":{"environment":"Prod_WestEurope_000l", "migrationStage":"NotStarted", "server":"GENERAL0100000C"}}
{"logTime": "1212/160804", "correlationVector":"FGx2Y7wPdcZIX5BzUSDYBE.2","action":"Commit Response", "result":"SYNCER_OK", "context":Result: SYNCER_OK. cV=FGx2Y7wPdcZIX5BzUSDYBE.0;server=GENERAL0100000C;cloudType=Consumer;environment=Prod_WestEurope_000l;migrationStage=NotStarted}
{"logTime": "1212/160844", "correlationVector":"Dy7FksHYWIt8XfgSqqMadi.0","action":"FeedSettingFetch_homeCloud", "result":"0", "context":{}}
{"logTime": "1212/160844", "correlationVector":"Bh29lxl0O9oQJ+EFO2i9ef.1","action":"SyncServerConnectionManagerRequest", "result":"SYNC_SERVER_OK", "context":{"environment":"Prod_WestEurope_x00e", "migrationStage":"MigrationComplete", "server":"GENERAL0100000F"}}
{"logTime": "1212/160844", "correlationVector":"Bh29lxl0O9oQJ+EFO2i9ef","action":"Initial GetUpdates", "result":"", "context":Reason: NEW_CLIENT. cV=Bh29lxl0O9oQJ+EFO2i9ef}
{"logTime": "1212/160844", "correlationVector":"Bh29lxl0O9oQJ+EFO2i9ef.2","action":"GetUpdates Response", "result":"SYNCER_OK", "context":Received 1 update(s). cV=Bh29lxl0O9oQJ+EFO2i9ef.0;server=GENERAL0100000F;cloudType=Consumer;environment=Prod_WestEurope_x00e;migrationStage=MigrationComplete}
{"logTime": "1212/160844", "correlationVector":"KOQd42YIoFO+VnSO85AmWC","action":"SyncServerConnectionManagerRequest", "result":"SYNC_SERVER_OK", "context":{"environment":"", "migrationStage":"", "server":""}}
{"logTime": "1212/160844", "correlationVector":"pl1L4G6YUNvtJD3Bw95SdD","action":"Initial GetUpdates", "result":"", "context":Reason: NEWLY_SUPPORTED_DATATYPE. cV=pl1L4G6YUNvtJD3Bw95SdD}
{"logTime": "1212/160844", "correlationVector":"pl1L4G6YUNvtJD3Bw95SdD.1","action":"SyncServerConnectionManagerRequest", "result":"SYNC_SERVER_OK", "context":{"environment":"Prod_WestEurope_x00e", "migrationStage":"MigrationComplete", "server":"GENERAL0100000D"}}
{"logTime": "1212/160844", "correlationVector":"pl1L4G6YUNvtJD3Bw95SdD.2","action":"GetUpdates Response", "result":"SYNCER_OK", "context":Received 2 update(s). cV=pl1L4G6YUNvtJD3Bw95SdD.0;server=GENERAL0100000D;cloudType=Consumer;environment=Prod_WestEurope_x00e;migrationStage=MigrationComplete}
{"logTime": "1212/160844", "correlationVector":"sXu0fSpAp9IN840SAecKP1","action":"Normal GetUpdate request", "result":"", "context":cV=sXu0fSpAp9IN840SAecKP1
Nudged types: Sessions
Refresh requested types: Bookmarks, Preferences, Passwords, Autofill Profiles, Autofill, Autofill Custom Data, Typed URLs, Extensions, Sessions, Extension settings, History Delete Directives, Device Info, User Consents, Send Tab To Self, Web Apps, Collection, Edge E Drop, Edge Hub App Usage, Edge Wallet, Encryption Keys}
{"logTime": "1212/160844", "correlationVector":"sXu0fSpAp9IN840SAecKP1.1","action":"SyncServerConnectionManagerRequest", "result":"SYNC_SERVER_OK", "context":{"environment":"Prod_WestEurope_x00e", "migrationStage":"MigrationComplete", "server":"GENERAL01000029"}}
{"logTime": "1212/160844", "correlationVector":"sXu0fSpAp9IN840SAecKP1.2","action":"GetUpdates Response", "result":"SYNCER_OK", "context":Received 2 update(s). cV=sXu0fSpAp9IN840SAecKP1.0;server=GENERAL01000029;cloudType=Consumer;environment=Prod_WestEurope_x00e;migrationStage=MigrationComplete}
{"logTime": "1212/160844", "correlationVector":"Gj66+XJcF227lNmmgzoA+j","action":"Commit Request", "result":"", "context":Item count: 3
Contributing types: Sessions}
{"logTime": "1212/160844", "correlationVector":"Gj66+XJcF227lNmmgzoA+j.1","action":"SyncServerConnectionManagerRequest", "result":"SYNC_SERVER_OK", "context":{"environment":"Prod_WestEurope_x00e", "migrationStage":"NotStarted", "server":"GENERAL01000015"}}
{"logTime": "1212/160844", "correlationVector":"Gj66+XJcF227lNmmgzoA+j.2","action":"Commit Response", "result":"SYNCER_OK", "context":Result: SYNCER_OK. cV=Gj66+XJcF227lNmmgzoA+j.0;server=GENERAL01000015;cloudType=Consumer;environment=Prod_WestEurope_x00e;migrationStage=NotStarted}
{"logTime": "1212/160846", "correlationVector":"5b9OuDVWvDAH6+paEdaK7T","action":"Normal GetUpdate request", "result":"", "context":cV=5b9OuDVWvDAH6+paEdaK7T
Nudged types: Preferences, Sessions}
{"logTime": "1212/160846", "correlationVector":"5b9OuDVWvDAH6+paEdaK7T.1","action":"SyncServerConnectionManagerRequest", "result":"SYNC_SERVER_OK", "context":{"environment":"Prod_NorthEurope_000h", "migrationStage":"MigrationComplete", "server":"GENERAL0100002O"}}
{"logTime": "1212/160846", "correlationVector":"5b9OuDVWvDAH6+paEdaK7T.2","action":"GetUpdates Response", "result":"SYNCER_OK", "context":Received 3 update(s). cV=5b9OuDVWvDAH6+paEdaK7T.0;server=GENERAL0100002O;cloudType=Consumer;environment=Prod_NorthEurope_000h;migrationStage=MigrationComplete}
{"logTime": "1212/160846", "correlationVector":"WjFLQa6AAhrpfMjdYs8SiC","action":"Commit Request", "result":"", "context":Item count: 3
Contributing types: Preferences, Sessions}
{"logTime": "1212/160847", "correlationVector":"WjFLQa6AAhrpfMjdYs8SiC.1","action":"SyncServerConnectionManagerRequest", "result":"SYNC_SERVER_OK", "context":{"environment":"Prod_WestEurope_x00e", "migrationStage":"MigrationComplete", "server":"GENERAL0100001Q"}}
{"logTime": "1212/160847", "correlationVector":"WjFLQa6AAhrpfMjdYs8SiC.3","action":"Commit.Sessions", "result":"Success", "context":{"id":"290b460d-38a8-4139-a87c-5e425d401e93", "isDeleted":"true", "size":"0", "version":"1702397320752"}}
{"logTime": "1212/160847", "correlationVector":"WjFLQa6AAhrpfMjdYs8SiC.2","action":"Commit Response", "result":"SYNCER_OK", "context":Result: SYNCER_OK. cV=WjFLQa6AAhrpfMjdYs8SiC.0;server=GENERAL0100001Q;cloudType=Consumer;environment=Prod_WestEurope_x00e;migrationStage=MigrationComplete}
